<?xml version="1.0" encoding="UTF-8"?>
<!-- Generated by org.testng.reporters.JUnitReportReporter -->
<testsuite hostname="DESKTOP-I64O2UM" failures="0" tests="1" name="Basic.OrganizationTest" time="6.072" errors="0" timestamp="2024-03-15T14:48:40 IST" skipped="0">
  <testcase classname="Basic.OrganizationTest" name="Createorganization" time="6.072"/>
  <system-out/>
</testsuite> <!-- Basic.OrganizationTest -->
